[2m2026-03-14T12:54:35.893469Z[0m [32m INFO[0m [2mHIVE[0m[2m:[0m Starting HIVE initialization sequence...
[2m2026-03-14T12:54:36.023432Z[0m [32m INFO[0m [1mstart[0m[2m:[0m[1mstart_connection[0m[1m{[0m[3mstart_shard[0m[2m=[0m0 [3mend_shard[0m[2m=[0m0 [3mtotal_shards[0m[2m=[0m1[1m}[0m[2m:[0m[1minitialize[0m[2m:[0m[1mboot[0m[1m{[0m[3mshard_info[0m[2m=[0m[ShardId(0), ShardId(1)][1m}[0m[2m:[0m [2mserenity::gateway::bridge::shard_manager[0m[2m:[0m Telling shard queuer to start shard 0
[2m2026-03-14T12:54:36.304422Z[0m [32m INFO[0m [1mrun[0m[2m:[0m [2mserenity::gateway::bridge::shard_runner[0m[2m:[0m [ShardRunner ShardInfo { id: ShardId(0), total: 1 }] Running
[2m2026-03-14T13:03:32.418140Z[0m [32m INFO[0m [2mHIVE[0m[2m:[0m Starting HIVE initialization sequence...
[2m2026-03-14T13:03:32.683122Z[0m [32m INFO[0m [1mstart[0m[2m:[0m[1mstart_connection[0m[1m{[0m[3mstart_shard[0m[2m=[0m0 [3mend_shard[0m[2m=[0m0 [3mtotal_shards[0m[2m=[0m1[1m}[0m[2m:[0m[1minitialize[0m[2m:[0m[1mboot[0m[1m{[0m[3mshard_info[0m[2m=[0m[ShardId(0), ShardId(1)][1m}[0m[2m:[0m [2mserenity::gateway::bridge::shard_manager[0m[2m:[0m Telling shard queuer to start shard 0
[2m2026-03-14T13:03:33.134570Z[0m [32m INFO[0m [1mrun[0m[2m:[0m [2mserenity::gateway::bridge::shard_runner[0m[2m:[0m [ShardRunner ShardInfo { id: ShardId(0), total: 1 }] Running
[2m2026-03-14T13:04:50.123405Z[0m [32m INFO[0m [2mHIVE::voice::kokoro[0m[2m:[0m [Voice] Cache miss for 7a5ccd015febeaa1. Generating via Kokoro ONNX...
[2m2026-03-14T13:12:15.381816Z[0m [32m INFO[0m [2mHIVE[0m[2m:[0m Starting HIVE initialization sequence...
[2m2026-03-14T13:12:15.512042Z[0m [32m INFO[0m [1mstart[0m[2m:[0m[1mstart_connection[0m[1m{[0m[3mstart_shard[0m[2m=[0m0 [3mend_shard[0m[2m=[0m0 [3mtotal_shards[0m[2m=[0m1[1m}[0m[2m:[0m[1minitialize[0m[2m:[0m[1mboot[0m[1m{[0m[3mshard_info[0m[2m=[0m[ShardId(0), ShardId(1)][1m}[0m[2m:[0m [2mserenity::gateway::bridge::shard_manager[0m[2m:[0m Telling shard queuer to start shard 0
[2m2026-03-14T13:12:15.805921Z[0m [32m INFO[0m [1mrun[0m[2m:[0m [2mserenity::gateway::bridge::shard_runner[0m[2m:[0m [ShardRunner ShardInfo { id: ShardId(0), total: 1 }] Running
[2m2026-03-14T13:14:00.732450Z[0m [32m INFO[0m [2mHIVE::voice::kokoro[0m[2m:[0m [Voice] Cache hit for 7a5ccd015febeaa1
[2m2026-03-14T13:16:57.386723Z[0m [32m INFO[0m [2mHIVE[0m[2m:[0m Starting HIVE initialization sequence...
[2m2026-03-14T13:16:57.497071Z[0m [32m INFO[0m [1mstart[0m[2m:[0m[1mstart_connection[0m[1m{[0m[3mstart_shard[0m[2m=[0m0 [3mend_shard[0m[2m=[0m0 [3mtotal_shards[0m[2m=[0m1[1m}[0m[2m:[0m[1minitialize[0m[2m:[0m[1mboot[0m[1m{[0m[3mshard_info[0m[2m=[0m[ShardId(0), ShardId(1)][1m}[0m[2m:[0m [2mserenity::gateway::bridge::shard_manager[0m[2m:[0m Telling shard queuer to start shard 0
[2m2026-03-14T13:16:57.786348Z[0m [32m INFO[0m [1mrun[0m[2m:[0m [2mserenity::gateway::bridge::shard_runner[0m[2m:[0m [ShardRunner ShardInfo { id: ShardId(0), total: 1 }] Running
[2m2026-03-14T13:21:27.550617Z[0m [32m INFO[0m [2mHIVE[0m[2m:[0m Starting HIVE initialization sequence...
[2m2026-03-14T13:21:27.683427Z[0m [32m INFO[0m [1mstart[0m[2m:[0m[1mstart_connection[0m[1m{[0m[3mstart_shard[0m[2m=[0m0 [3mend_shard[0m[2m=[0m0 [3mtotal_shards[0m[2m=[0m1[1m}[0m[2m:[0m[1minitialize[0m[2m:[0m[1mboot[0m[1m{[0m[3mshard_info[0m[2m=[0m[ShardId(0), ShardId(1)][1m}[0m[2m:[0m [2mserenity::gateway::bridge::shard_manager[0m[2m:[0m Telling shard queuer to start shard 0
[2m2026-03-14T13:21:27.977628Z[0m [32m INFO[0m [1mrun[0m[2m:[0m [2mserenity::gateway::bridge::shard_runner[0m[2m:[0m [ShardRunner ShardInfo { id: ShardId(0), total: 1 }] Running
[2m2026-03-14T13:23:35.835926Z[0m [32m INFO[0m [2mHIVE::voice::kokoro[0m[2m:[0m [Voice] Cache miss for 7a5ccd015febeaa1. Generating via Kokoro ONNX...
[2m2026-03-14T13:50:38.806615Z[0m [32m INFO[0m [2mHIVE::voice::kokoro[0m[2m:[0m [Voice] Cache miss for d695fdc56162611c. Generating via Kokoro ONNX...
[2m2026-03-14T13:55:30.985632Z[0m [32m INFO[0m [2mHIVE::voice::kokoro[0m[2m:[0m [Voice] Cache miss for 77dfa9b731f5225e. Generating via Kokoro ONNX...
[2m2026-03-14T13:57:40.626928Z[0m [32m INFO[0m [2mHIVE[0m[2m:[0m Starting HIVE initialization sequence...
[2m2026-03-14T13:57:40.728951Z[0m [32m INFO[0m [1mstart[0m[2m:[0m[1mstart_connection[0m[1m{[0m[3mstart_shard[0m[2m=[0m0 [3mend_shard[0m[2m=[0m0 [3mtotal_shards[0m[2m=[0m1[1m}[0m[2m:[0m[1minitialize[0m[2m:[0m[1mboot[0m[1m{[0m[3mshard_info[0m[2m=[0m[ShardId(0), ShardId(1)][1m}[0m[2m:[0m [2mserenity::gateway::bridge::shard_manager[0m[2m:[0m Telling shard queuer to start shard 0
[2m2026-03-14T13:57:41.017044Z[0m [32m INFO[0m [1mrun[0m[2m:[0m [2mserenity::gateway::bridge::shard_runner[0m[2m:[0m [ShardRunner ShardInfo { id: ShardId(0), total: 1 }] Running
[2m2026-03-14T14:17:35.163664Z[0m [32m INFO[0m [2mHIVE[0m[2m:[0m Starting HIVE initialization sequence...
[2m2026-03-14T14:17:35.580593Z[0m [32m INFO[0m [1mstart[0m[2m:[0m[1mstart_connection[0m[1m{[0m[3mstart_shard[0m[2m=[0m0 [3mend_shard[0m[2m=[0m0 [3mtotal_shards[0m[2m=[0m1[1m}[0m[2m:[0m[1minitialize[0m[2m:[0m[1mboot[0m[1m{[0m[3mshard_info[0m[2m=[0m[ShardId(0), ShardId(1)][1m}[0m[2m:[0m [2mserenity::gateway::bridge::shard_manager[0m[2m:[0m Telling shard queuer to start shard 0
[2m2026-03-14T14:17:36.250920Z[0m [32m INFO[0m [1mrun[0m[2m:[0m [2mserenity::gateway::bridge::shard_runner[0m[2m:[0m [ShardRunner ShardInfo { id: ShardId(0), total: 1 }] Running
[2m2026-03-14T14:21:39.161151Z[0m [32m INFO[0m [2mHIVE::voice::kokoro[0m[2m:[0m [Voice] Cache miss for 7a5ccd015febeaa1. Generating via Kokoro ONNX...
[2m2026-03-14T14:32:51.443008Z[0m [31mERROR[0m [2mHIVE::platforms::discord[0m[2m:[0m [Discord Platform] Failed to attach local file at memory/cache/docs/gauntlet_report.pdf: No such file or directory (os error 2)
[2m2026-03-14T14:33:10.041250Z[0m [32m INFO[0m [2mHIVE::voice::kokoro[0m[2m:[0m [Voice] Cache miss for aa984db13e37aac0. Generating via Kokoro ONNX...
[2m2026-03-14T14:33:13.585250Z[0m [31mERROR[0m [2mHIVE::voice::kokoro[0m[2m:[0m [Voice] Generator error: WARNING  [__init__.py:98] Phonemes are too long, truncating to 510 phonemes

[2m2026-03-14T14:46:45.673024Z[0m [32m INFO[0m [2mHIVE::voice::kokoro[0m[2m:[0m [Voice] Cache miss for 670a683208070133. Generating via Kokoro ONNX...
[2m2026-03-14T14:49:55.367094Z[0m [32m INFO[0m [2mHIVE[0m[2m:[0m Starting HIVE initialization sequence...
[2m2026-03-14T14:49:55.494737Z[0m [32m INFO[0m [1mstart[0m[2m:[0m[1mstart_connection[0m[1m{[0m[3mstart_shard[0m[2m=[0m0 [3mend_shard[0m[2m=[0m0 [3mtotal_shards[0m[2m=[0m1[1m}[0m[2m:[0m[1minitialize[0m[2m:[0m[1mboot[0m[1m{[0m[3mshard_info[0m[2m=[0m[ShardId(0), ShardId(1)][1m}[0m[2m:[0m [2mserenity::gateway::bridge::shard_manager[0m[2m:[0m Telling shard queuer to start shard 0
[2m2026-03-14T14:49:55.776125Z[0m [32m INFO[0m [1mrun[0m[2m:[0m [2mserenity::gateway::bridge::shard_runner[0m[2m:[0m [ShardRunner ShardInfo { id: ShardId(0), total: 1 }] Running
[2m2026-03-14T14:50:08.386063Z[0m [32m INFO[0m [2mHIVE[0m[2m:[0m Starting HIVE initialization sequence...
[2m2026-03-14T14:50:08.488375Z[0m [32m INFO[0m [1mstart[0m[2m:[0m[1mstart_connection[0m[1m{[0m[3mstart_shard[0m[2m=[0m0 [3mend_shard[0m[2m=[0m0 [3mtotal_shards[0m[2m=[0m1[1m}[0m[2m:[0m[1minitialize[0m[2m:[0m[1mboot[0m[1m{[0m[3mshard_info[0m[2m=[0m[ShardId(0), ShardId(1)][1m}[0m[2m:[0m [2mserenity::gateway::bridge::shard_manager[0m[2m:[0m Telling shard queuer to start shard 0
[2m2026-03-14T14:50:08.738477Z[0m [32m INFO[0m [1mrun[0m[2m:[0m [2mserenity::gateway::bridge::shard_runner[0m[2m:[0m [ShardRunner ShardInfo { id: ShardId(0), total: 1 }] Running
[2m2026-03-14T14:55:25.417944Z[0m [32m INFO[0m [2mHIVE::voice::kokoro[0m[2m:[0m [Voice] Cache miss for 7a5ccd015febeaa1. Generating via Kokoro ONNX...
[2m2026-03-14T15:06:40.687443Z[0m [32m INFO[0m [2mHIVE[0m[2m:[0m Starting HIVE initialization sequence...
[2m2026-03-14T15:06:40.883216Z[0m [32m INFO[0m [1mstart[0m[2m:[0m[1mstart_connection[0m[1m{[0m[3mstart_shard[0m[2m=[0m0 [3mend_shard[0m[2m=[0m0 [3mtotal_shards[0m[2m=[0m1[1m}[0m[2m:[0m[1minitialize[0m[2m:[0m[1mboot[0m[1m{[0m[3mshard_info[0m[2m=[0m[ShardId(0), ShardId(1)][1m}[0m[2m:[0m [2mserenity::gateway::bridge::shard_manager[0m[2m:[0m Telling shard queuer to start shard 0
[2m2026-03-14T15:06:41.193029Z[0m [32m INFO[0m [1mrun[0m[2m:[0m [2mserenity::gateway::bridge::shard_runner[0m[2m:[0m [ShardRunner ShardInfo { id: ShardId(0), total: 1 }] Running
[2m2026-03-14T15:07:00.294067Z[0m [32m INFO[0m [2mHIVE[0m[2m:[0m Starting HIVE initialization sequence...
[2m2026-03-14T15:07:00.391004Z[0m [32m INFO[0m [1mstart[0m[2m:[0m[1mstart_connection[0m[1m{[0m[3mstart_shard[0m[2m=[0m0 [3mend_shard[0m[2m=[0m0 [3mtotal_shards[0m[2m=[0m1[1m}[0m[2m:[0m[1minitialize[0m[2m:[0m[1mboot[0m[1m{[0m[3mshard_info[0m[2m=[0m[ShardId(0), ShardId(1)][1m}[0m[2m:[0m [2mserenity::gateway::bridge::shard_manager[0m[2m:[0m Telling shard queuer to start shard 0
[2m2026-03-14T15:07:00.638771Z[0m [32m INFO[0m [1mrun[0m[2m:[0m [2mserenity::gateway::bridge::shard_runner[0m[2m:[0m [ShardRunner ShardInfo { id: ShardId(0), total: 1 }] Running
[2m2026-03-14T15:11:38.942959Z[0m [32m INFO[0m [2mHIVE::voice::kokoro[0m[2m:[0m [Voice] Cache miss for 7a5ccd015febeaa1. Generating via Kokoro ONNX...
[2m2026-03-14T15:27:09.650387Z[0m [32m INFO[0m [2mHIVE[0m[2m:[0m Starting HIVE initialization sequence...
[2m2026-03-14T15:27:09.754631Z[0m [32m INFO[0m [1mstart[0m[2m:[0m[1mstart_connection[0m[1m{[0m[3mstart_shard[0m[2m=[0m0 [3mend_shard[0m[2m=[0m0 [3mtotal_shards[0m[2m=[0m1[1m}[0m[2m:[0m[1minitialize[0m[2m:[0m[1mboot[0m[1m{[0m[3mshard_info[0m[2m=[0m[ShardId(0), ShardId(1)][1m}[0m[2m:[0m [2mserenity::gateway::bridge::shard_manager[0m[2m:[0m Telling shard queuer to start shard 0
[2m2026-03-14T15:27:10.034749Z[0m [32m INFO[0m [1mrun[0m[2m:[0m [2mserenity::gateway::bridge::shard_runner[0m[2m:[0m [ShardRunner ShardInfo { id: ShardId(0), total: 1 }] Running
[2m2026-03-14T15:29:54.814534Z[0m [32m INFO[0m [2mHIVE::voice::kokoro[0m[2m:[0m [Voice] Cache miss for 7a5ccd015febeaa1. Generating via Kokoro ONNX...
[2m2026-03-14T15:43:21.838695Z[0m [32m INFO[0m [2mHIVE[0m[2m:[0m Starting HIVE initialization sequence...
[2m2026-03-14T15:43:21.967428Z[0m [32m INFO[0m [1mstart[0m[2m:[0m[1mstart_connection[0m[1m{[0m[3mstart_shard[0m[2m=[0m0 [3mend_shard[0m[2m=[0m0 [3mtotal_shards[0m[2m=[0m1[1m}[0m[2m:[0m[1minitialize[0m[2m:[0m[1mboot[0m[1m{[0m[3mshard_info[0m[2m=[0m[ShardId(0), ShardId(1)][1m}[0m[2m:[0m [2mserenity::gateway::bridge::shard_manager[0m[2m:[0m Telling shard queuer to start shard 0
[2m2026-03-14T15:43:22.250396Z[0m [32m INFO[0m [1mrun[0m[2m:[0m [2mserenity::gateway::bridge::shard_runner[0m[2m:[0m [ShardRunner ShardInfo { id: ShardId(0), total: 1 }] Running
[2m2026-03-14T15:45:58.670309Z[0m [32m INFO[0m [2mHIVE::voice::kokoro[0m[2m:[0m [Voice] Cache miss for 7a5ccd015febeaa1. Generating via Kokoro ONNX...
[2m2026-03-14T16:39:16.095281Z[0m [32m INFO[0m [2mHIVE[0m[2m:[0m Starting HIVE initialization sequence...
[2m2026-03-14T16:39:16.232167Z[0m [32m INFO[0m [1mstart[0m[2m:[0m[1mstart_connection[0m[1m{[0m[3mstart_shard[0m[2m=[0m0 [3mend_shard[0m[2m=[0m0 [3mtotal_shards[0m[2m=[0m1[1m}[0m[2m:[0m[1minitialize[0m[2m:[0m[1mboot[0m[1m{[0m[3mshard_info[0m[2m=[0m[ShardId(0), ShardId(1)][1m}[0m[2m:[0m [2mserenity::gateway::bridge::shard_manager[0m[2m:[0m Telling shard queuer to start shard 0
[2m2026-03-14T16:39:16.520323Z[0m [32m INFO[0m [1mrun[0m[2m:[0m [2mserenity::gateway::bridge::shard_runner[0m[2m:[0m [ShardRunner ShardInfo { id: ShardId(0), total: 1 }] Running
[2m2026-03-14T16:41:43.926814Z[0m [32m INFO[0m [2mHIVE::voice::kokoro[0m[2m:[0m [Voice] Cache miss for 7a5ccd015febeaa1. Generating via Kokoro ONNX...
[2m2026-03-14T16:50:40.161961Z[0m [32m INFO[0m [2mHIVE::voice::kokoro[0m[2m:[0m [Voice] Cache miss for ea5e29f1016e7c3f. Generating via Kokoro ONNX...
[2m2026-03-14T17:03:24.030878Z[0m [32m INFO[0m [2mHIVE[0m[2m:[0m Starting HIVE initialization sequence...
[2m2026-03-14T17:03:24.167844Z[0m [32m INFO[0m [1mstart[0m[2m:[0m[1mstart_connection[0m[1m{[0m[3mstart_shard[0m[2m=[0m0 [3mend_shard[0m[2m=[0m0 [3mtotal_shards[0m[2m=[0m1[1m}[0m[2m:[0m[1minitialize[0m[2m:[0m[1mboot[0m[1m{[0m[3mshard_info[0m[2m=[0m[ShardId(0), ShardId(1)][1m}[0m[2m:[0m [2mserenity::gateway::bridge::shard_manager[0m[2m:[0m Telling shard queuer to start shard 0
[2m2026-03-14T17:03:24.452811Z[0m [32m INFO[0m [1mrun[0m[2m:[0m [2mserenity::gateway::bridge::shard_runner[0m[2m:[0m [ShardRunner ShardInfo { id: ShardId(0), total: 1 }] Running
[2m2026-03-14T17:09:20.351281Z[0m [31mERROR[0m [2mHIVE::platforms::attachments[0m[2m:[0m [Discord Platform] Failed to attach local image at /path/to/generated_image.png: No such file or directory (os error 2)
[2m2026-03-14T17:58:45.370567Z[0m [32m INFO[0m [2mHIVE[0m[2m:[0m Starting HIVE initialization sequence...
[2m2026-03-14T17:58:45.514960Z[0m [32m INFO[0m [1mstart[0m[2m:[0m[1mstart_connection[0m[1m{[0m[3mstart_shard[0m[2m=[0m0 [3mend_shard[0m[2m=[0m0 [3mtotal_shards[0m[2m=[0m1[1m}[0m[2m:[0m[1minitialize[0m[2m:[0m[1mboot[0m[1m{[0m[3mshard_info[0m[2m=[0m[ShardId(0), ShardId(1)][1m}[0m[2m:[0m [2mserenity::gateway::bridge::shard_manager[0m[2m:[0m Telling shard queuer to start shard 0
[2m2026-03-14T17:58:45.800051Z[0m [32m INFO[0m [1mrun[0m[2m:[0m [2mserenity::gateway::bridge::shard_runner[0m[2m:[0m [ShardRunner ShardInfo { id: ShardId(0), total: 1 }] Running
[2m2026-03-14T18:33:30.333101Z[0m [32m INFO[0m [2mHIVE[0m[2m:[0m Starting HIVE initialization sequence...
[2m2026-03-14T18:33:30.471640Z[0m [32m INFO[0m [1mstart[0m[2m:[0m[1mstart_connection[0m[1m{[0m[3mstart_shard[0m[2m=[0m0 [3mend_shard[0m[2m=[0m0 [3mtotal_shards[0m[2m=[0m1[1m}[0m[2m:[0m[1minitialize[0m[2m:[0m[1mboot[0m[1m{[0m[3mshard_info[0m[2m=[0m[ShardId(0), ShardId(1)][1m}[0m[2m:[0m [2mserenity::gateway::bridge::shard_manager[0m[2m:[0m Telling shard queuer to start shard 0
[2m2026-03-14T18:33:30.772675Z[0m [32m INFO[0m [1mrun[0m[2m:[0m [2mserenity::gateway::bridge::shard_runner[0m[2m:[0m [ShardRunner ShardInfo { id: ShardId(0), total: 1 }] Running
[2m2026-03-14T18:35:32.325678Z[0m [32m INFO[0m [2mHIVE[0m[2m:[0m Starting HIVE initialization sequence...
[2m2026-03-14T18:35:32.542451Z[0m [32m INFO[0m [1mstart[0m[2m:[0m[1mstart_connection[0m[1m{[0m[3mstart_shard[0m[2m=[0m0 [3mend_shard[0m[2m=[0m0 [3mtotal_shards[0m[2m=[0m1[1m}[0m[2m:[0m[1minitialize[0m[2m:[0m[1mboot[0m[1m{[0m[3mshard_info[0m[2m=[0m[ShardId(0), ShardId(1)][1m}[0m[2m:[0m [2mserenity::gateway::bridge::shard_manager[0m[2m:[0m Telling shard queuer to start shard 0
[2m2026-03-14T18:35:32.955124Z[0m [32m INFO[0m [1mrun[0m[2m:[0m [2mserenity::gateway::bridge::shard_runner[0m[2m:[0m [ShardRunner ShardInfo { id: ShardId(0), total: 1 }] Running
[2m2026-03-14T18:38:38.177690Z[0m [32m INFO[0m [2mHIVE[0m[2m:[0m Starting HIVE initialization sequence...
[2m2026-03-14T18:38:38.451870Z[0m [32m INFO[0m [1mstart[0m[2m:[0m[1mstart_connection[0m[1m{[0m[3mstart_shard[0m[2m=[0m0 [3mend_shard[0m[2m=[0m0 [3mtotal_shards[0m[2m=[0m1[1m}[0m[2m:[0m[1minitialize[0m[2m:[0m[1mboot[0m[1m{[0m[3mshard_info[0m[2m=[0m[ShardId(0), ShardId(1)][1m}[0m[2m:[0m [2mserenity::gateway::bridge::shard_manager[0m[2m:[0m Telling shard queuer to start shard 0
[2m2026-03-14T18:38:38.923665Z[0m [32m INFO[0m [1mrun[0m[2m:[0m [2mserenity::gateway::bridge::shard_runner[0m[2m:[0m [ShardRunner ShardInfo { id: ShardId(0), total: 1 }] Running
[2m2026-03-14T18:41:30.218261Z[0m [32m INFO[0m [2mHIVE[0m[2m:[0m Starting HIVE initialization sequence...
[2m2026-03-14T18:41:30.328077Z[0m [32m INFO[0m [1mstart[0m[2m:[0m[1mstart_connection[0m[1m{[0m[3mstart_shard[0m[2m=[0m0 [3mend_shard[0m[2m=[0m0 [3mtotal_shards[0m[2m=[0m1[1m}[0m[2m:[0m[1minitialize[0m[2m:[0m[1mboot[0m[1m{[0m[3mshard_info[0m[2m=[0m[ShardId(0), ShardId(1)][1m}[0m[2m:[0m [2mserenity::gateway::bridge::shard_manager[0m[2m:[0m Telling shard queuer to start shard 0
[2m2026-03-14T18:41:30.606594Z[0m [32m INFO[0m [1mrun[0m[2m:[0m [2mserenity::gateway::bridge::shard_runner[0m[2m:[0m [ShardRunner ShardInfo { id: ShardId(0), total: 1 }] Running
[2m2026-03-14T18:44:10.749613Z[0m [32m INFO[0m [2mHIVE[0m[2m:[0m Starting HIVE initialization sequence...
[2m2026-03-14T18:44:10.877422Z[0m [32m INFO[0m [1mstart[0m[2m:[0m[1mstart_connection[0m[1m{[0m[3mstart_shard[0m[2m=[0m0 [3mend_shard[0m[2m=[0m0 [3mtotal_shards[0m[2m=[0m1[1m}[0m[2m:[0m[1minitialize[0m[2m:[0m[1mboot[0m[1m{[0m[3mshard_info[0m[2m=[0m[ShardId(0), ShardId(1)][1m}[0m[2m:[0m [2mserenity::gateway::bridge::shard_manager[0m[2m:[0m Telling shard queuer to start shard 0
[2m2026-03-14T18:44:11.166064Z[0m [32m INFO[0m [1mrun[0m[2m:[0m [2mserenity::gateway::bridge::shard_runner[0m[2m:[0m [ShardRunner ShardInfo { id: ShardId(0), total: 1 }] Running
[2m2026-03-14T18:46:59.478873Z[0m [32m INFO[0m [2mHIVE::voice::kokoro[0m[2m:[0m [Voice] Cache miss for 7a5ccd015febeaa1. Generating via Kokoro ONNX...
[2m2026-03-14T19:46:46.935742Z[0m [32m INFO[0m [1mrun[0m[2m:[0m[1mrecv_event[0m[2m:[0m[1mhandle_event[0m[1m{[0m[3mevent[0m[2m=[0mOk(Dispatch(572, Resumed(ResumedEvent)))[1m}[0m[2m:[0m[1mhandle_gateway_dispatch[0m[1m{[0m[3mseq[0m[2m=[0m572 [3mevent[0m[2m=[0mResumed(ResumedEvent)[1m}[0m[2m:[0m [2mserenity::gateway::shard[0m[2m:[0m [ShardInfo { id: ShardId(0), total: 1 }] Resumed
[2m2026-03-14T19:47:56.908042Z[0m [32m INFO[0m [2mHIVE[0m[2m:[0m Starting HIVE initialization sequence...
[2m2026-03-14T19:47:57.077201Z[0m [32m INFO[0m [1mstart[0m[2m:[0m[1mstart_connection[0m[1m{[0m[3mstart_shard[0m[2m=[0m0 [3mend_shard[0m[2m=[0m0 [3mtotal_shards[0m[2m=[0m1[1m}[0m[2m:[0m[1minitialize[0m[2m:[0m[1mboot[0m[1m{[0m[3mshard_info[0m[2m=[0m[ShardId(0), ShardId(1)][1m}[0m[2m:[0m [2mserenity::gateway::bridge::shard_manager[0m[2m:[0m Telling shard queuer to start shard 0
[2m2026-03-14T19:47:57.415497Z[0m [32m INFO[0m [1mrun[0m[2m:[0m [2mserenity::gateway::bridge::shard_runner[0m[2m:[0m [ShardRunner ShardInfo { id: ShardId(0), total: 1 }] Running
[2m2026-03-14T19:48:19.424426Z[0m [32m INFO[0m [2mHIVE[0m[2m:[0m Received Ctrl-C, executing shutdown sequence...
[2m2026-03-14T19:49:08.037531Z[0m [32m INFO[0m [2mHIVE[0m[2m:[0m Starting HIVE initialization sequence...
[2m2026-03-14T19:49:08.174215Z[0m [32m INFO[0m [1mstart[0m[2m:[0m[1mstart_connection[0m[1m{[0m[3mstart_shard[0m[2m=[0m0 [3mend_shard[0m[2m=[0m0 [3mtotal_shards[0m[2m=[0m1[1m}[0m[2m:[0m[1minitialize[0m[2m:[0m[1mboot[0m[1m{[0m[3mshard_info[0m[2m=[0m[ShardId(0), ShardId(1)][1m}[0m[2m:[0m [2mserenity::gateway::bridge::shard_manager[0m[2m:[0m Telling shard queuer to start shard 0
[2m2026-03-14T19:49:08.450594Z[0m [32m INFO[0m [1mrun[0m[2m:[0m [2mserenity::gateway::bridge::shard_runner[0m[2m:[0m [ShardRunner ShardInfo { id: ShardId(0), total: 1 }] Running
[2m2026-03-14T19:49:25.958189Z[0m [32m INFO[0m [2mHIVE[0m[2m:[0m Starting HIVE initialization sequence...
[2m2026-03-14T19:49:26.050651Z[0m [32m INFO[0m [1mstart[0m[2m:[0m[1mstart_connection[0m[1m{[0m[3mstart_shard[0m[2m=[0m0 [3mend_shard[0m[2m=[0m0 [3mtotal_shards[0m[2m=[0m1[1m}[0m[2m:[0m[1minitialize[0m[2m:[0m[1mboot[0m[1m{[0m[3mshard_info[0m[2m=[0m[ShardId(0), ShardId(1)][1m}[0m[2m:[0m [2mserenity::gateway::bridge::shard_manager[0m[2m:[0m Telling shard queuer to start shard 0
[2m2026-03-14T19:49:26.347939Z[0m [32m INFO[0m [1mrun[0m[2m:[0m [2mserenity::gateway::bridge::shard_runner[0m[2m:[0m [ShardRunner ShardInfo { id: ShardId(0), total: 1 }] Running
[2m2026-03-14T19:51:30.123512Z[0m [32m INFO[0m [2mHIVE::voice::kokoro[0m[2m:[0m [Voice] Cache miss for 7a5ccd015febeaa1. Generating via Kokoro ONNX...
[2m2026-03-14T20:04:10.301292Z[0m [32m INFO[0m [2mHIVE[0m[2m:[0m Received Ctrl-C, executing shutdown sequence...
[2m2026-03-14T20:04:44.407779Z[0m [32m INFO[0m [2mHIVE[0m[2m:[0m Starting HIVE initialization sequence...
[2m2026-03-14T20:04:44.555250Z[0m [32m INFO[0m [1mstart[0m[2m:[0m[1mstart_connection[0m[1m{[0m[3mstart_shard[0m[2m=[0m0 [3mend_shard[0m[2m=[0m0 [3mtotal_shards[0m[2m=[0m1[1m}[0m[2m:[0m[1minitialize[0m[2m:[0m[1mboot[0m[1m{[0m[3mshard_info[0m[2m=[0m[ShardId(0), ShardId(1)][1m}[0m[2m:[0m [2mserenity::gateway::bridge::shard_manager[0m[2m:[0m Telling shard queuer to start shard 0
[2m2026-03-14T20:04:44.844985Z[0m [32m INFO[0m [1mrun[0m[2m:[0m [2mserenity::gateway::bridge::shard_runner[0m[2m:[0m [ShardRunner ShardInfo { id: ShardId(0), total: 1 }] Running
[2m2026-03-14T20:05:41.983768Z[0m [32m INFO[0m [2mHIVE[0m[2m:[0m Starting HIVE initialization sequence...
[2m2026-03-14T20:05:42.081314Z[0m [32m INFO[0m [1mstart[0m[2m:[0m[1mstart_connection[0m[1m{[0m[3mstart_shard[0m[2m=[0m0 [3mend_shard[0m[2m=[0m0 [3mtotal_shards[0m[2m=[0m1[1m}[0m[2m:[0m[1minitialize[0m[2m:[0m[1mboot[0m[1m{[0m[3mshard_info[0m[2m=[0m[ShardId(0), ShardId(1)][1m}[0m[2m:[0m [2mserenity::gateway::bridge::shard_manager[0m[2m:[0m Telling shard queuer to start shard 0
[2m2026-03-14T20:05:42.376281Z[0m [32m INFO[0m [1mrun[0m[2m:[0m [2mserenity::gateway::bridge::shard_runner[0m[2m:[0m [ShardRunner ShardInfo { id: ShardId(0), total: 1 }] Running
[2m2026-03-14T20:18:23.355580Z[0m [32m INFO[0m [2mHIVE[0m[2m:[0m Received Ctrl-C, executing shutdown sequence...
[2m2026-03-14T20:18:53.300684Z[0m [32m INFO[0m [2mHIVE[0m[2m:[0m Starting HIVE initialization sequence...
[2m2026-03-14T20:18:53.416142Z[0m [32m INFO[0m [1mstart[0m[2m:[0m[1mstart_connection[0m[1m{[0m[3mstart_shard[0m[2m=[0m0 [3mend_shard[0m[2m=[0m0 [3mtotal_shards[0m[2m=[0m1[1m}[0m[2m:[0m[1minitialize[0m[2m:[0m[1mboot[0m[1m{[0m[3mshard_info[0m[2m=[0m[ShardId(0), ShardId(1)][1m}[0m[2m:[0m [2mserenity::gateway::bridge::shard_manager[0m[2m:[0m Telling shard queuer to start shard 0
[2m2026-03-14T20:18:53.710827Z[0m [32m INFO[0m [1mrun[0m[2m:[0m [2mserenity::gateway::bridge::shard_runner[0m[2m:[0m [ShardRunner ShardInfo { id: ShardId(0), total: 1 }] Running
[2m2026-03-14T20:19:35.994634Z[0m [32m INFO[0m [2mHIVE[0m[2m:[0m Starting HIVE initialization sequence...
[2m2026-03-14T20:19:36.121319Z[0m [32m INFO[0m [1mstart[0m[2m:[0m[1mstart_connection[0m[1m{[0m[3mstart_shard[0m[2m=[0m0 [3mend_shard[0m[2m=[0m0 [3mtotal_shards[0m[2m=[0m1[1m}[0m[2m:[0m[1minitialize[0m[2m:[0m[1mboot[0m[1m{[0m[3mshard_info[0m[2m=[0m[ShardId(0), ShardId(1)][1m}[0m[2m:[0m [2mserenity::gateway::bridge::shard_manager[0m[2m:[0m Telling shard queuer to start shard 0
[2m2026-03-14T20:19:36.390013Z[0m [32m INFO[0m [1mrun[0m[2m:[0m [2mserenity::gateway::bridge::shard_runner[0m[2m:[0m [ShardRunner ShardInfo { id: ShardId(0), total: 1 }] Running
[2m2026-03-14T20:29:59.615521Z[0m [32m INFO[0m [2mHIVE[0m[2m:[0m Starting HIVE initialization sequence...
[2m2026-03-14T20:29:59.744659Z[0m [32m INFO[0m [1mstart[0m[2m:[0m[1mstart_connection[0m[1m{[0m[3mstart_shard[0m[2m=[0m0 [3mend_shard[0m[2m=[0m0 [3mtotal_shards[0m[2m=[0m1[1m}[0m[2m:[0m[1minitialize[0m[2m:[0m[1mboot[0m[1m{[0m[3mshard_info[0m[2m=[0m[ShardId(0), ShardId(1)][1m}[0m[2m:[0m [2mserenity::gateway::bridge::shard_manager[0m[2m:[0m Telling shard queuer to start shard 0
[2m2026-03-14T20:30:00.029471Z[0m [32m INFO[0m [1mrun[0m[2m:[0m [2mserenity::gateway::bridge::shard_runner[0m[2m:[0m [ShardRunner ShardInfo { id: ShardId(0), total: 1 }] Running
[2m2026-03-14T21:12:01.460979Z[0m [32m INFO[0m [2mHIVE[0m[2m:[0m Received Ctrl-C, executing shutdown sequence...
[2m2026-03-14T21:12:31.071401Z[0m [32m INFO[0m [2mHIVE[0m[2m:[0m Starting HIVE initialization sequence...
[2m2026-03-14T21:12:31.198091Z[0m [32m INFO[0m [1mstart[0m[2m:[0m[1mstart_connection[0m[1m{[0m[3mstart_shard[0m[2m=[0m0 [3mend_shard[0m[2m=[0m0 [3mtotal_shards[0m[2m=[0m1[1m}[0m[2m:[0m[1minitialize[0m[2m:[0m[1mboot[0m[1m{[0m[3mshard_info[0m[2m=[0m[ShardId(0), ShardId(1)][1m}[0m[2m:[0m [2mserenity::gateway::bridge::shard_manager[0m[2m:[0m Telling shard queuer to start shard 0
[2m2026-03-14T21:12:31.477832Z[0m [32m INFO[0m [1mrun[0m[2m:[0m [2mserenity::gateway::bridge::shard_runner[0m[2m:[0m [ShardRunner ShardInfo { id: ShardId(0), total: 1 }] Running
[2m2026-03-14T21:13:14.351845Z[0m [32m INFO[0m [2mHIVE[0m[2m:[0m Starting HIVE initialization sequence...
[2m2026-03-14T21:13:14.448774Z[0m [32m INFO[0m [1mstart[0m[2m:[0m[1mstart_connection[0m[1m{[0m[3mstart_shard[0m[2m=[0m0 [3mend_shard[0m[2m=[0m0 [3mtotal_shards[0m[2m=[0m1[1m}[0m[2m:[0m[1minitialize[0m[2m:[0m[1mboot[0m[1m{[0m[3mshard_info[0m[2m=[0m[ShardId(0), ShardId(1)][1m}[0m[2m:[0m [2mserenity::gateway::bridge::shard_manager[0m[2m:[0m Telling shard queuer to start shard 0
[2m2026-03-14T21:13:14.703663Z[0m [32m INFO[0m [1mrun[0m[2m:[0m [2mserenity::gateway::bridge::shard_runner[0m[2m:[0m [ShardRunner ShardInfo { id: ShardId(0), total: 1 }] Running
[2m2026-03-14T21:34:34.737668Z[0m [32m INFO[0m [1mrun[0m[2m:[0m[1mrecv_event[0m[2m:[0m[1mhandle_event[0m[1m{[0m[3mevent[0m[2m=[0mOk(Dispatch(497, Resumed(ResumedEvent)))[1m}[0m[2m:[0m[1mhandle_gateway_dispatch[0m[1m{[0m[3mseq[0m[2m=[0m497 [3mevent[0m[2m=[0mResumed(ResumedEvent)[1m}[0m[2m:[0m [2mserenity::gateway::shard[0m[2m:[0m [ShardInfo { id: ShardId(0), total: 1 }] Resumed
[2m2026-03-14T21:39:26.014900Z[0m [32m INFO[0m [2mHIVE[0m[2m:[0m Received Ctrl-C, executing shutdown sequence...
[2m2026-03-14T21:41:01.334910Z[0m [32m INFO[0m [2mHIVE[0m[2m:[0m Starting HIVE initialization sequence...
[2m2026-03-14T21:41:01.464491Z[0m [32m INFO[0m [1mstart[0m[2m:[0m[1mstart_connection[0m[1m{[0m[3mstart_shard[0m[2m=[0m0 [3mend_shard[0m[2m=[0m0 [3mtotal_shards[0m[2m=[0m1[1m}[0m[2m:[0m[1minitialize[0m[2m:[0m[1mboot[0m[1m{[0m[3mshard_info[0m[2m=[0m[ShardId(0), ShardId(1)][1m}[0m[2m:[0m [2mserenity::gateway::bridge::shard_manager[0m[2m:[0m Telling shard queuer to start shard 0
[2m2026-03-14T21:41:01.741993Z[0m [32m INFO[0m [1mrun[0m[2m:[0m [2mserenity::gateway::bridge::shard_runner[0m[2m:[0m [ShardRunner ShardInfo { id: ShardId(0), total: 1 }] Running
[2m2026-03-14T21:42:28.740627Z[0m [32m INFO[0m [2mHIVE[0m[2m:[0m Starting HIVE initialization sequence...
[2m2026-03-14T21:42:28.871607Z[0m [32m INFO[0m [1mstart[0m[2m:[0m[1mstart_connection[0m[1m{[0m[3mstart_shard[0m[2m=[0m0 [3mend_shard[0m[2m=[0m0 [3mtotal_shards[0m[2m=[0m1[1m}[0m[2m:[0m[1minitialize[0m[2m:[0m[1mboot[0m[1m{[0m[3mshard_info[0m[2m=[0m[ShardId(0), ShardId(1)][1m}[0m[2m:[0m [2mserenity::gateway::bridge::shard_manager[0m[2m:[0m Telling shard queuer to start shard 0
[2m2026-03-14T21:42:29.159538Z[0m [32m INFO[0m [1mrun[0m[2m:[0m [2mserenity::gateway::bridge::shard_runner[0m[2m:[0m [ShardRunner ShardInfo { id: ShardId(0), total: 1 }] Running
[2m2026-03-14T21:46:17.356435Z[0m [32m INFO[0m [2mHIVE[0m[2m:[0m Received Ctrl-C, executing shutdown sequence...
[2m2026-03-14T21:46:33.032213Z[0m [32m INFO[0m [2mHIVE[0m[2m:[0m Starting HIVE initialization sequence...
[2m2026-03-14T21:46:33.140783Z[0m [32m INFO[0m [1mstart[0m[2m:[0m[1mstart_connection[0m[1m{[0m[3mstart_shard[0m[2m=[0m0 [3mend_shard[0m[2m=[0m0 [3mtotal_shards[0m[2m=[0m1[1m}[0m[2m:[0m[1minitialize[0m[2m:[0m[1mboot[0m[1m{[0m[3mshard_info[0m[2m=[0m[ShardId(0), ShardId(1)][1m}[0m[2m:[0m [2mserenity::gateway::bridge::shard_manager[0m[2m:[0m Telling shard queuer to start shard 0
[2m2026-03-14T21:46:33.444714Z[0m [32m INFO[0m [1mrun[0m[2m:[0m [2mserenity::gateway::bridge::shard_runner[0m[2m:[0m [ShardRunner ShardInfo { id: ShardId(0), total: 1 }] Running
[2m2026-03-14T21:47:05.366955Z[0m [32m INFO[0m [2mHIVE[0m[2m:[0m Starting HIVE initialization sequence...
[2m2026-03-14T21:47:05.478430Z[0m [32m INFO[0m [1mstart[0m[2m:[0m[1mstart_connection[0m[1m{[0m[3mstart_shard[0m[2m=[0m0 [3mend_shard[0m[2m=[0m0 [3mtotal_shards[0m[2m=[0m1[1m}[0m[2m:[0m[1minitialize[0m[2m:[0m[1mboot[0m[1m{[0m[3mshard_info[0m[2m=[0m[ShardId(0), ShardId(1)][1m}[0m[2m:[0m [2mserenity::gateway::bridge::shard_manager[0m[2m:[0m Telling shard queuer to start shard 0
[2m2026-03-14T21:47:05.758136Z[0m [32m INFO[0m [1mrun[0m[2m:[0m [2mserenity::gateway::bridge::shard_runner[0m[2m:[0m [ShardRunner ShardInfo { id: ShardId(0), total: 1 }] Running
[2m2026-03-14T21:52:40.877202Z[0m [32m INFO[0m [2mHIVE[0m[2m:[0m Starting HIVE initialization sequence...
[2m2026-03-14T21:52:41.062323Z[0m [32m INFO[0m [1mstart[0m[2m:[0m[1mstart_connection[0m[1m{[0m[3mstart_shard[0m[2m=[0m0 [3mend_shard[0m[2m=[0m0 [3mtotal_shards[0m[2m=[0m1[1m}[0m[2m:[0m[1minitialize[0m[2m:[0m[1mboot[0m[1m{[0m[3mshard_info[0m[2m=[0m[ShardId(0), ShardId(1)][1m}[0m[2m:[0m [2mserenity::gateway::bridge::shard_manager[0m[2m:[0m Telling shard queuer to start shard 0
[2m2026-03-14T21:52:41.342955Z[0m [32m INFO[0m [1mrun[0m[2m:[0m [2mserenity::gateway::bridge::shard_runner[0m[2m:[0m [ShardRunner ShardInfo { id: ShardId(0), total: 1 }] Running
[2m2026-03-14T22:00:43.337605Z[0m [32m INFO[0m [2mHIVE[0m[2m:[0m Starting HIVE initialization sequence...
[2m2026-03-14T22:00:43.484354Z[0m [32m INFO[0m [1mstart[0m[2m:[0m[1mstart_connection[0m[1m{[0m[3mstart_shard[0m[2m=[0m0 [3mend_shard[0m[2m=[0m0 [3mtotal_shards[0m[2m=[0m1[1m}[0m[2m:[0m[1minitialize[0m[2m:[0m[1mboot[0m[1m{[0m[3mshard_info[0m[2m=[0m[ShardId(0), ShardId(1)][1m}[0m[2m:[0m [2mserenity::gateway::bridge::shard_manager[0m[2m:[0m Telling shard queuer to start shard 0
[2m2026-03-14T22:00:43.778297Z[0m [32m INFO[0m [1mrun[0m[2m:[0m [2mserenity::gateway::bridge::shard_runner[0m[2m:[0m [ShardRunner ShardInfo { id: ShardId(0), total: 1 }] Running
